{
  "RSpec": {
    "coverage": {
      "/home/valpaj/Documents/Code/ratebeer/app/models/rating.rb": [
        1,
        1,
        1,
        null,
        1,
        null,
        null,
        1,
        8,
        null,
        null
      ],
      "/home/valpaj/Documents/Code/ratebeer/app/helpers/application_helper.rb": [
        1,
        null
      ],
      "/home/valpaj/Documents/Code/ratebeer/app/helpers/beer_clubs_helper.rb": [
        1,
        null
      ],
      "/home/valpaj/Documents/Code/ratebeer/app/helpers/beers_helper.rb": [
        1,
        null
      ],
      "/home/valpaj/Documents/Code/ratebeer/app/helpers/breweries_helper.rb": [
        1,
        null
      ],
      "/home/valpaj/Documents/Code/ratebeer/app/helpers/memberships_helper.rb": [
        1,
        null
      ],
      "/home/valpaj/Documents/Code/ratebeer/app/helpers/users_helper.rb": [
        1,
        null
      ],
      "/home/valpaj/Documents/Code/ratebeer/app/models/beer_club.rb": [
        1,
        1,
        1,
        null,
        1,
        0,
        null,
        null
      ],
      "/home/valpaj/Documents/Code/ratebeer/app/controllers/beer_clubs_controller.rb": [
        1,
        1,
        1,
        null,
        null,
        null,
        1,
        0,
        null,
        null,
        null,
        null,
        1,
        null,
        null,
        null,
        1,
        0,
        null,
        null,
        null,
        1,
        null,
        null,
        null,
        null,
        1,
        0,
        null,
        0,
        0,
        0,
        0,
        null,
        0,
        0,
        null,
        null,
        null,
        null,
        null,
        null,
        1,
        0,
        0,
        0,
        0,
        0,
        null,
        0,
        0,
        null,
        null,
        null,
        null,
        null,
        null,
        1,
        0,
        0,
        0,
        0,
        0,
        null,
        null,
        null,
        1,
        null,
        1,
        0,
        null,
        null,
        null,
        1,
        0,
        null,
        null
      ],
      "/home/valpaj/Documents/Code/ratebeer/app/controllers/application_controller.rb": [
        1,
        null,
        null,
        1,
        null,
        null,
        1,
        null,
        1,
        92,
        91,
        null,
        null,
        1,
        5,
        null,
        null
      ],
      "/home/valpaj/Documents/Code/ratebeer/app/models/membership.rb": [
        1,
        1,
        1,
        null
      ],
      "/home/valpaj/Documents/Code/ratebeer/app/controllers/memberships_controller.rb": [
        1,
        1,
        null,
        null,
        null,
        1,
        0,
        null,
        null,
        null,
        null,
        1,
        null,
        null,
        null,
        1,
        0,
        0,
        null,
        null,
        null,
        1,
        null,
        null,
        null,
        null,
        1,
        0,
        0,
        0,
        0,
        null,
        0,
        null,
        0,
        0,
        0,
        null,
        0,
        0,
        0,
        null,
        null,
        null,
        null,
        null,
        1,
        0,
        0,
        0,
        0,
        null,
        0,
        0,
        null,
        null,
        null,
        null,
        null,
        null,
        1,
        0,
        0,
        0,
        0,
        null,
        null,
        null,
        1,
        null,
        1,
        0,
        null,
        null,
        null,
        1,
        0,
        null,
        null
      ],
      "/home/valpaj/Documents/Code/ratebeer/app/controllers/ratings_controller.rb": [
        1,
        1,
        1,
        1,
        null,
        null,
        1,
        5,
        5,
        null,
        null,
        1,
        5,
        5,
        5,
        5,
        null,
        0,
        0,
        null,
        null,
        null,
        1,
        1,
        1,
        1,
        null,
        null
      ],
      "/home/valpaj/Documents/Code/ratebeer/app/models/beer.rb": [
        1,
        1,
        1,
        1,
        1,
        1,
        1,
        10,
        null,
        null
      ],
      "/home/valpaj/Documents/Code/ratebeer/lib/rating_average.rb": [
        1,
        1,
        3,
        null,
        null
      ],
      "/home/valpaj/Documents/Code/ratebeer/app/models/brewery.rb": [
        1,
        1,
        1,
        1,
        1,
        1,
        null,
        1,
        0,
        0,
        0,
        null,
        null,
        1,
        0,
        0,
        null,
        null,
        1,
        21,
        0,
        null,
        null,
        null
      ],
      "/home/valpaj/Documents/Code/ratebeer/app/models/user.rb": [
        1,
        1,
        1,
        1,
        1,
        1,
        1,
        1,
        null,
        1,
        24,
        2,
        null,
        null,
        1,
        3,
        2,
        null,
        1,
        null,
        null,
        null,
        null,
        null,
        null,
        null,
        null,
        null,
        null,
        null,
        null,
        null,
        null,
        null,
        null
      ],
      "/home/valpaj/Documents/Code/ratebeer/app/controllers/sessions_controller.rb": [
        1,
        1,
        null,
        null,
        null,
        1,
        9,
        9,
        8,
        8,
        null,
        1,
        null,
        null,
        null,
        1,
        null,
        0,
        null,
        0,
        null,
        null
      ],
      "/home/valpaj/Documents/Code/ratebeer/app/controllers/users_controller.rb": [
        1,
        1,
        null,
        null,
        null,
        1,
        0,
        null,
        null,
        null,
        null,
        1,
        17,
        null,
        null,
        null,
        1,
        1,
        null,
        null,
        null,
        1,
        null,
        null,
        null,
        null,
        1,
        1,
        null,
        1,
        1,
        2,
        1,
        null,
        0,
        0,
        null,
        null,
        null,
        null,
        null,
        null,
        1,
        0,
        0,
        0,
        0,
        null,
        0,
        0,
        null,
        null,
        null,
        null,
        null,
        1,
        0,
        null,
        null,
        null,
        0,
        0,
        0,
        0,
        null,
        null,
        null,
        1,
        null,
        1,
        17,
        null,
        null,
        null,
        1,
        1,
        null,
        null
      ],
      "/home/valpaj/Documents/Code/ratebeer/app/controllers/beers_controller.rb": [
        1,
        1,
        1,
        null,
        null,
        1,
        1,
        null,
        null,
        null,
        null,
        1,
        null,
        null,
        null,
        1,
        3,
        3,
        3,
        null,
        null,
        null,
        1,
        0,
        0,
        null,
        null,
        null,
        null,
        1,
        2,
        2,
        1,
        null,
        1,
        null,
        null,
        null,
        null,
        null,
        1,
        0,
        0,
        0,
        0,
        0,
        null,
        0,
        0,
        null,
        null,
        null,
        null,
        null,
        null,
        1,
        0,
        0,
        0,
        0,
        0,
        null,
        null,
        null,
        1,
        null,
        1,
        0,
        null,
        null,
        null,
        1,
        0,
        null,
        null
      ],
      "/home/valpaj/Documents/Code/ratebeer/app/controllers/breweries_controller.rb": [
        1,
        1,
        1,
        null,
        null,
        null,
        1,
        3,
        null,
        null,
        null,
        null,
        1,
        null,
        null,
        null,
        1,
        0,
        null,
        null,
        null,
        1,
        null,
        null,
        null,
        null,
        1,
        0,
        null,
        0,
        0,
        0,
        0,
        null,
        0,
        0,
        null,
        null,
        null,
        null,
        null,
        null,
        1,
        0,
        0,
        0,
        0,
        0,
        null,
        0,
        0,
        null,
        null,
        null,
        null,
        null,
        null,
        1,
        0,
        0,
        0,
        0,
        0,
        null,
        null,
        null,
        1,
        null,
        1,
        1,
        null,
        null,
        null,
        1,
        0,
        null,
        null
      ],
      "/home/valpaj/Documents/Code/ratebeer/lib/beermapping_api.rb": [
        1,
        1,
        9,
        15,
        null,
        null,
        1,
        null,
        1,
        6,
        null,
        6,
        6,
        null,
        6,
        null,
        4,
        4,
        20,
        null,
        null,
        null,
        1,
        null,
        null,
        null,
        1,
        6,
        6,
        null,
        null,
        null
      ],
      "/home/valpaj/Documents/Code/ratebeer/app/models/place.rb": [
        1,
        1,
        1,
        null,
        1,
        12,
        null,
        null
      ],
      "/home/valpaj/Documents/Code/ratebeer/app/controllers/places_controller.rb": [
        1,
        1,
        1,
        null,
        null,
        1,
        0,
        null,
        null,
        1,
        3,
        3,
        3,
        1,
        null,
        2,
        null,
        null,
        null,
        1,
        7,
        1,
        null,
        null
      ]
    },
    "timestamp": 1423824502
  }
}
